[2026-02-24 08:43:10] Webhook Received: {
  "tracking_id": "TRK_xxxxx",
  "referenceId": "REF999999",
  "status": "approved",
  "amount": "75000",
  "lender_name": "HDFC Bank",
  "interest_rate": "12%"
}
[2026-02-24 08:43:10] Lead not found for tracking ID: TRK_xxxxx
[2026-02-24 08:43:39] Webhook Received: 
[2026-02-24 08:43:39] Invalid JSON received
[2026-02-24 08:49:26] Webhook Received: {
  "tracking_id": "TRK_699becd398955",
  "referenceId": "REF999999",
  "status": "approved",
  "amount": "75000",
  "lender_name": "HDFC Bank",
  "interest_rate": "12%"
}
[2026-02-24 08:49:26] Loan updated for tracking ID: TRK_699becd398955
[2026-02-24 09:39:18] Webhook Received: {
  "tracking_id": "TRK_699becd398955",
  "referenceId": "REF999999",
  "status": "approved",
  "amount": "75000",
  "lender_name": "HDFC Bank",
  "interest_rate": "12%"
}
[2026-02-24 09:39:18] Loan updated for tracking ID: TRK_699becd398955
[2026-02-24 16:27:59] Webhook Received: {
  "tracking_id": "TRK_699becd398955",
  "referenceId": "REF123456",
  "status": "approved",
  "amount": "85000",
  "lender_name": "HDFC Bank",
  "interest_rate": "11%"
}
[2026-02-24 16:27:59] Loan updated for tracking ID: TRK_699becd398955
[2026-02-26 06:49:51] Webhook Received: {
  "tracking_id": "TRK_699becd398955",
  "referenceId": "REF123456",
  "status": "approved",
  "amount": "85000",
  "lender_name": "HDFC Bank",
  "interest_rate": "11%"
}
[2026-02-26 06:49:51] Loan updated for tracking ID: TRK_699becd398955
[2026-02-26 09:12:06] Webhook Received: {
  "tracking_id": "TRK_699becd398955",
  "referenceId": "REF123456",
  "status": "approved",
  "amount": "85000",
  "lender_name": "HDFC Bank",
  "interest_rate": "11%"
}
[2026-02-26 09:12:06] Loan updated for tracking ID: TRK_699becd398955
[2026-02-27 11:34:40] Webhook Received: {
  "tracking_id": "TRK_699becd398955",
  "referenceId": "REF123456",
  "status": "approved",
  "amount": "85000",
  "lender_name": "HDFC Bank",
  "interest_rate": "11%"
}
[2026-02-27 11:34:40] Loan updated for tracking ID: TRK_699becd398955
[2026-02-27 11:35:15] Webhook Received: {
  "tracking_id": "TRK_699becd398955",
  "referenceId": "REF123456",
  "status": "approved",
  "amount": "85000",
  "lender_name": "HDFC Bank",
  "interest_rate": "11%"
}
[2026-02-27 11:35:15] Loan updated for tracking ID: TRK_699becd398955
